<?xml version="1.0" encoding="utf-8"?><testsuites name="pytest tests"><testsuite name="pytest" errors="0" failures="0" skipped="0" tests="5" time="3.498" timestamp="2026-07-06T07:23:15.780250+00:00" hostname="agent-env-fa795252-3043-4d40-bf23-40eb1af53f2e"><testcase classname="tests.backend_test.TestAppointments" name="test_create_and_list" time="0.382" /><testcase classname="tests.backend_test" name="test_root" time="0.281" /><testcase classname="tests.backend_test.TestChatStream" name="test_stream_returns_data_and_done" time="2.620" /><testcase classname="tests.backend_test.TestAppointments" name="test_invalid_email_rejected" time="0.155" /><testcase classname="tests.backend_test.TestAppointments" name="test_missing_required_fields" time="0.099" /></testsuite></testsuites>